#
# There is insufficient memory for the Java Runtime Environment to continue.
# Native memory allocation (mmap) failed to map 4161536 bytes for G1 virtual space
# Possible reasons:
#   The system is out of physical RAM or swap space
#   The process is running with CompressedOops enabled, and the Java Heap may be blocking the growth of the native heap
# Possible solutions:
#   Reduce memory load on the system
#   Increase physical memory or swap space
#   Check if swap backing store is full
#   Decrease Java heap size (-Xmx/-Xms)
#   Decrease number of Java threads
#   Decrease Java thread stack sizes (-Xss)
#   Set larger code cache with -XX:ReservedCodeCacheSize=
#   JVM is running with Zero Based Compressed Oops mode in which the Java heap is
#     placed in the first 32GB address space. The Java Heap base address is the
#     maximum limit for the native heap growth. Please use -XX:HeapBaseMinAddress
#     to set the Java Heap base and to place the Java Heap above 32GB virtual address.
# This output file may be truncated or incomplete.
#
#  Out of Memory Error (os_windows.cpp:3753), pid=868, tid=21056
#
# JRE version:  (17.0.4.1+7) (build )
# Java VM: OpenJDK 64-Bit Server VM (17.0.4.1+7-b469.62, mixed mode, sharing, tiered, compressed oops, compressed class ptrs, g1 gc, windows-amd64)
# No core dump will be written. Minidumps are not enabled by default on client versions of Windows
#

---------------  S U M M A R Y ------------

Command Line: externalApp.nativessh.NativeSshAskPassApp Enter passphrase for key '/c/Users/Yuumi/.ssh/id_rsa': 

Host: Intel(R) Core(TM) i7-9750H CPU @ 2.60GHz, 12 cores, 15G,  Windows 10 , 64 bit Build 19041 (10.0.19041.2251)
Time: Thu Nov 17 23:42:57 2022  Windows 10 , 64 bit Build 19041 (10.0.19041.2251) elapsed time: 0.025738 seconds (0d 0h 0m 0s)

---------------  T H R E A D  ---------------

Current thread (0x0000021938ca9a40):  JavaThread "Unknown thread" [_thread_in_vm, id=21056, stack(0x00000069a1300000,0x00000069a1400000)]

Stack: [0x00000069a1300000,0x00000069a1400000]
Native frames: (J=compiled Java code, j=interpreted, Vv=VM code, C=native code)
V  [jvm.dll+0x68356a]
V  [jvm.dll+0x83fab4]
V  [jvm.dll+0x84125e]
V  [jvm.dll+0x8418c3]
V  [jvm.dll+0x249735]
V  [jvm.dll+0x680439]
V  [jvm.dll+0x674a7a]
V  [jvm.dll+0x30956b]
V  [jvm.dll+0x310a26]
V  [jvm.dll+0x3608b3]
V  [jvm.dll+0x360acf]
V  [jvm.dll+0x2df658]
V  [jvm.dll+0x2e05c4]
V  [jvm.dll+0x8112a1]
V  [jvm.dll+0x36e6f1]
V  [jvm.dll+0x7f076c]
V  [jvm.dll+0x3f180f]
V  [jvm.dll+0x3f3351]
C  [jli.dll+0x526b]
C  [ucrtbase.dll+0x21bb2]
C  [KERNEL32.DLL+0x174b4]
C  [ntdll.dll+0x526a1]


---------------  P R O C E S S  ---------------

Threads class SMR info:
_java_thread_list=0x00007ffeef987f58, length=0, elements={
}

Java Threads: ( => current thread )

Other Threads:
  0x0000021938d16a20 GCTaskThread "GC Thread#0" [stack: 0x00000069a1400000,0x00000069a1500000] [id=20836]
  0x0000021938d276f0 ConcurrentGCThread "G1 Main Marker" [stack: 0x00000069a1500000,0x00000069a1600000] [id=5392]
  0x0000021938d288a0 ConcurrentGCThread "G1 Conc#0" [stack: 0x00000069a1600000,0x00000069a1700000] [id=4832]

[error occurred during error reporting (printing all threads), id 0xc0000005, EXCEPTION_ACCESS_VIOLATION (0xc0000005) at pc=0x00007ffeef140217]

VM state: not at safepoint (not fully initialized)

VM Mutex/Monitor currently owned by a thread:  ([mutex/lock_event])
[0x0000021938ca47f0] Heap_lock - owner thread: 0x0000021938ca9a40

Heap address: 0x0000000702600000, size: 4058 MB, Compressed Oops mode: Zero based, Oop shift amount: 3

CDS archive(s) mapped at: [0x0000000000000000-0x0000000000000000-0x0000000000000000), size 0, SharedBaseAddress: 0x0000000800000000, ArchiveRelocationMode: 0.
Narrow klass base: 0x0000000000000000, Narrow klass shift: 0, Narrow klass range: 0x0

GC Precious Log:
<Empty>

Heap:
 garbage-first heap   total 0K, used 0K [0x0000000702600000, 0x0000000800000000)
  region size 2048K, 0 young (0K), 0 survivors (0K)

[error occurred during error reporting (printing heap information), id 0xc0000005, EXCEPTION_ACCESS_VIOLATION (0xc0000005) at pc=0x00007ffeef52d1f9]

GC Heap History (0 events):
No events

Deoptimization events (0 events):
No events

Classes unloaded (0 events):
No events

Classes redefined (0 events):
No events

Internal exceptions (0 events):
No events

VM Operations (0 events):
No events

Events (1 events):
Event: 0.013 Loaded shared library D:\Program Files (x86)\ideaIU\IntelliJ IDEA 2020.3\jbr\bin\java.dll


Dynamic libraries:
0x00007ff63c970000 - 0x00007ff63c97a000 	D:\Program Files (x86)\ideaIU\IntelliJ IDEA 2020.3\jbr\bin\java.exe
0x00007fff77af0000 - 0x00007fff77ce8000 	C:\WINDOWS\SYSTEM32\ntdll.dll
0x00007fff77460000 - 0x00007fff7751f000 	C:\WINDOWS\System32\KERNEL32.DLL
0x00007fff75460000 - 0x00007fff75732000 	C:\WINDOWS\System32\KERNELBASE.dll
0x00007fff75a40000 - 0x00007fff75b40000 	C:\WINDOWS\System32\ucrtbase.dll
0x00007fff68150000 - 0x00007fff68167000 	D:\Program Files (x86)\ideaIU\IntelliJ IDEA 2020.3\jbr\bin\jli.dll
0x00007fff6df80000 - 0x00007fff6df9b000 	D:\Program Files (x86)\ideaIU\IntelliJ IDEA 2020.3\jbr\bin\VCRUNTIME140.dll
0x00007fff75b50000 - 0x00007fff75ced000 	C:\WINDOWS\System32\USER32.dll
0x00007fff759c0000 - 0x00007fff759e2000 	C:\WINDOWS\System32\win32u.dll
0x00007fff77380000 - 0x00007fff773ab000 	C:\WINDOWS\System32\GDI32.dll
0x00007fff67c80000 - 0x00007fff67f1a000 	C:\WINDOWS\WinSxS\amd64_microsoft.windows.common-controls_6595b64144ccf1df_6.0.19041.1110_none_60b5254171f9507e\COMCTL32.dll
0x00007fff75350000 - 0x00007fff7545f000 	C:\WINDOWS\System32\gdi32full.dll
0x00007fff76fa0000 - 0x00007fff7703e000 	C:\WINDOWS\System32\msvcrt.dll
0x00007fff758f0000 - 0x00007fff7598d000 	C:\WINDOWS\System32\msvcp_win.dll
0x00007fff75e20000 - 0x00007fff75e52000 	C:\WINDOWS\System32\IMM32.DLL
0x00007fff70d00000 - 0x00007fff70d0c000 	D:\Program Files (x86)\ideaIU\IntelliJ IDEA 2020.3\jbr\bin\vcruntime140_1.dll
0x00007fff4a920000 - 0x00007fff4a9ad000 	D:\Program Files (x86)\ideaIU\IntelliJ IDEA 2020.3\jbr\bin\msvcp140.dll
0x00007ffeeee50000 - 0x00007ffeefab9000 	D:\Program Files (x86)\ideaIU\IntelliJ IDEA 2020.3\jbr\bin\server\jvm.dll
0x00007fff77530000 - 0x00007fff775de000 	C:\WINDOWS\System32\ADVAPI32.dll
0x00007fff76130000 - 0x00007fff761cc000 	C:\WINDOWS\System32\sechost.dll
0x00007fff766c0000 - 0x00007fff767e5000 	C:\WINDOWS\System32\RPCRT4.dll
0x00007fff77520000 - 0x00007fff77528000 	C:\WINDOWS\System32\PSAPI.DLL
0x00007fff46680000 - 0x00007fff46689000 	C:\WINDOWS\SYSTEM32\WSOCK32.dll
0x00007fff6ccf0000 - 0x00007fff6ccfa000 	C:\WINDOWS\SYSTEM32\VERSION.dll
0x00007fff6aa40000 - 0x00007fff6aa67000 	C:\WINDOWS\SYSTEM32\WINMM.dll
0x00007fff77160000 - 0x00007fff771cb000 	C:\WINDOWS\System32\WS2_32.dll
0x00007fff730b0000 - 0x00007fff730c2000 	C:\WINDOWS\SYSTEM32\kernel.appcore.dll
0x00007fff628d0000 - 0x00007fff628da000 	D:\Program Files (x86)\ideaIU\IntelliJ IDEA 2020.3\jbr\bin\jimage.dll
0x00007fff69110000 - 0x00007fff692f4000 	C:\WINDOWS\SYSTEM32\DBGHELP.DLL
0x00007fff60400000 - 0x00007fff6042c000 	C:\WINDOWS\SYSTEM32\dbgcore.DLL
0x00007fff75860000 - 0x00007fff758e2000 	C:\WINDOWS\System32\bcryptPrimitives.dll
0x00007fff4c4c0000 - 0x00007fff4c4e5000 	D:\Program Files (x86)\ideaIU\IntelliJ IDEA 2020.3\jbr\bin\java.dll

dbghelp: loaded successfully - version: 4.0.5 - missing functions: none
symbol engine: initialized successfully - sym options: 0x614 - pdb path: .;D:\Program Files (x86)\ideaIU\IntelliJ IDEA 2020.3\jbr\bin;C:\WINDOWS\SYSTEM32;C:\WINDOWS\WinSxS\amd64_microsoft.windows.common-controls_6595b64144ccf1df_6.0.19041.1110_none_60b5254171f9507e;D:\Program Files (x86)\ideaIU\IntelliJ IDEA 2020.3\jbr\bin\server

VM Arguments:
java_command: externalApp.nativessh.NativeSshAskPassApp Enter passphrase for key '/c/Users/Yuumi/.ssh/id_rsa': 
java_class_path (initial): D:/Program Files (x86)/ideaIU/IntelliJ IDEA 2020.3/lib/externalProcess-rt.jar;D:/Program Files (x86)/ideaIU/IntelliJ IDEA 2020.3/lib/app.jar;D:/Program Files (x86)/ideaIU/IntelliJ IDEA 2020.3/lib/3rd-party-rt.jar
Launcher Type: SUN_STANDARD

[Global flags]
     intx CICompilerCount                          = 4                                         {product} {ergonomic}
     uint ConcGCThreads                            = 3                                         {product} {ergonomic}
     uint G1ConcRefinementThreads                  = 10                                        {product} {ergonomic}
   size_t G1HeapRegionSize                         = 2097152                                   {product} {ergonomic}
    uintx GCDrainStackTargetSize                   = 64                                        {product} {ergonomic}
   size_t InitialHeapSize                          = 266338304                                 {product} {ergonomic}
   size_t MarkStackSize                            = 4194304                                   {product} {ergonomic}
   size_t MaxHeapSize                              = 4255121408                                {product} {ergonomic}
   size_t MinHeapDeltaBytes                        = 2097152                                   {product} {ergonomic}
   size_t MinHeapSize                              = 8388608                                   {product} {ergonomic}
    uintx NonNMethodCodeHeapSize                   = 5839372                                {pd product} {ergonomic}
    uintx NonProfiledCodeHeapSize                  = 122909434                              {pd product} {ergonomic}
    uintx ProfiledCodeHeapSize                     = 122909434                              {pd product} {ergonomic}
    uintx ReservedCodeCacheSize                    = 251658240                              {pd product} {ergonomic}
     bool SegmentedCodeCache                       = true                                      {product} {ergonomic}
   size_t SoftMaxHeapSize                          = 4255121408                             {manageable} {ergonomic}
     bool UseCompressedClassPointers               = true                           {product lp64_product} {ergonomic}
     bool UseCompressedOops                        = true                           {product lp64_product} {ergonomic}
     bool UseG1GC                                  = true                                      {product} {ergonomic}
     bool UseLargePagesIndividualAllocation        = false                                  {pd product} {ergonomic}

Logging:
Log output configuration:
 #0: stdout all=warning uptime,level,tags
 #1: stderr all=off uptime,level,tags

Environment Variables:
JAVA_HOME=C:\Program Files\Java\jdk-14.0.2
CLASSPATH=.;C:\Program Files\Java\jdk-14.0.2\bin;C:\Program Files\Java\jdk-14.0.2\jre\bin
PATH=D:\Program Files (x86)\Git\Git\mingw32\libexec\git-core;D:\Program Files (x86)\Git\Git\mingw32\bin;D:\Program Files (x86)\Git\Git\usr\bin;C:\Users\Yuumi\bin;C:\Program Files (x86)\Common Files\Intel\Shared Libraries\redist\intel64\compiler;C:\Program Files\PlasticSCM5\server;C:\Program Files\PlasticSCM5\client;C:\Program Files (x86)\Common Files\Oracle\Java\javapath;C:\Program Files\Java\jdk-14.0.2\bin;D:\Program Files (x86)\Microsoft Visual Studio\Shared\Python37_64\Scripts;D:\Program Files (x86)\Microsoft Visual Studio\Shared\Python37_64;C:\Windows\system32;C:\Windows;C:\Windows\System32\Wbem;C:\Windows\System32\WindowsPowerShell\v1.0;C:\Windows\System32\OpenSSH;C:\Program Files\NVIDIA Corporation\NVIDIA NvDLISR;C:\Program Files\Microsoft VS Code\bin;D:\Program Files (x86)\bin;D:\Program Files (x86)\MATLAB\bin;C:\Program Files\Wolfram Research\WolframScript;C:\WINDOWS\system32;C:\WINDOWS;C:\WINDOWS\System32\Wbem;C:\WINDOWS\System32\WindowsPowerShell\v1.0;C:\WINDOWS\System32\OpenSSH;E:\Study\KAIHATSU\Universal Extractor;E:\Study\KAIHATSU\Universal Extractor\bin;D:\Program Files\uniextract161\Universal Extractor;D:\Program Files\uniextract161\Universal Extractor\bin;C:\Program Files\Pandoc;D:\Program Files (x86)\Android\android-sdk_r24.4.1-windows\android-sdk-windows\platform-tools;D:\Program Files (x86)\Android\android-sdk_r24.4.1-windows\android-sdk-windows\tools;D:\Program Files (x86)\Android\android-sdk_r24.4.1-windows\android-sdk-windows\tools;D:\texlive\2020\bin\win32;C:\ProgramData\chocolatey\bin;C:\Program Files (x86)\NVIDIA Corporation\PhysX\Common;C:\Program Files\dotnet;D:\anaconda;D:\anaconda\Scripts;D:\anaconda\Library\bin;D:\anaconda\Library\mingw-w64\bin;D:\Program Files (x86)\Git\Git LFS;D:\Program Files (x86)\TortoiseSVN\bin;D:\Program Files (x86)\MySQL\mysql-8.0.28-winx64\bin;C:\Users\Yuumi\pip\pip.ini;C:\Users\Yuumi\AppData\Roaming\pip\pip.ini;%HOME%\pip\pip.ini;D:\Program Files (x86)\wechatDeveloper\wechatWeb\dll;D:\Program Files (x86)\NodeJS;%
USERNAME=Yuumi
DISPLAY=:0.0
LC_ALL=en_US.UTF-8
TERM=xterm-256color
TMPDIR=C:\Users\Yuumi\AppData\Local\Temp
OS=Windows_NT
PROCESSOR_IDENTIFIER=Intel64 Family 6 Model 158 Stepping 10, GenuineIntel
TMP=C:\Users\Yuumi\AppData\Local\Temp
TEMP=C:\Users\Yuumi\AppData\Local\Temp



---------------  S Y S T E M  ---------------

OS:
 Windows 10 , 64 bit Build 19041 (10.0.19041.2251)
OS uptime: 0 days 12:50 hours

CPU: total 12 (initial active 12) (6 cores per cpu, 2 threads per core) family 6 model 158 stepping 10 microcode 0xb4, cx8, cmov, fxsr, ht, mmx, 3dnowpref, sse, sse2, sse3, ssse3, sse4.1, sse4.2, popcnt, lzcnt, tsc, tscinvbit, avx, avx2, aes, erms, clmul, bmi1, bmi2, adx, fma, vzeroupper, clflush, clflushopt

Memory: 4k page, system-wide physical 16225M (833M free)
TotalPageFile size 45288M (AvailPageFile size 9M)
current process WorkingSet (physical memory assigned to process): 11M, peak: 11M
current process commit charge ("private bytes"): 318M, peak: 322M

vm_info: OpenJDK 64-Bit Server VM (17.0.4.1+7-b469.62) for windows-amd64 JRE (17.0.4.1+7-b469.62), built on 2022-09-22 by "builduser" with MS VC++ 16.10 / 16.11 (VS2019)

END.
